<?xml version="1.0" encoding="UTF-8"?>
<!-- Generated by org.testng.reporters.JUnitReportReporter -->
<testsuite hostname="EPINHYDW0C77" failures="0" tests="1" name="Herokuapp.Restful_Booker.TestCases.Ping" time="1.328" errors="0" timestamp="2021-12-15T15:31:09 IST" skipped="0">
  <testcase classname="Herokuapp.Restful_Booker.TestCases.Ping" name="pingApplication" time="1.328"/>
  <system-out/>
</testsuite> <!-- Herokuapp.Restful_Booker.TestCases.Ping -->
