<?xml version="1.0" encoding="UTF-8"?>
<!-- Generated by org.testng.reporters.JUnitReportReporter -->
<testsuite hostname="EPINHYDW0C77" failures="0" tests="1" name="Herokuapp.Restful_Booker.TestCases.PartialUpdateBooking" time="3.801" errors="0" timestamp="2021-12-15T15:31:09 IST" skipped="0">
  <testcase classname="Herokuapp.Restful_Booker.TestCases.PartialUpdateBooking" name="updateBooking" time="3.801"/>
  <system-out/>
</testsuite> <!-- Herokuapp.Restful_Booker.TestCases.PartialUpdateBooking -->
